已經開始建置於 2013/6/20 上午 02:52:04。
     1>節點 2 (build 目標) 上的專案 "C:\Users\mosdeo\Documents\Visual Studio 2010\Projects\MCU Hardware control\OSC_CPP\OSC_CPP.vcxproj"。
     1>InitializeBuildStatus:
         由於指定了 "AlwaysCreate"，因此正在建立 "Debug\OSC_CPP.unsuccessfulbuild"。
       GenerateTargetFrameworkMonikerAttribute:
       將略過目標 "GenerateTargetFrameworkMonikerAttribute"，因為所有輸出檔對於其輸入檔而言都已更新。
       ClCompile:
         所有輸出都是最新的。
         c:\Program Files (x86)\Microsoft Visual Studio 10.0\VC\bin\CL.exe /c /AI"C:\Program Files (x86)\Reference Assemblies\Microsoft\Framework\.NETFramework\v4.0" /Zi /clr:pure /nologo /W3 /WX- /Od /Oy- /D WIN32 /D _DEBUG /D _UNICODE /D UNICODE /EHa /MDd /GS /fp:precise /Zc:wchar_t /Zc:forScope /Yu"StdAfx.h" /Fp"Debug\OSC_CPP.pch" /Fo"Debug\\" /Fd"Debug\vc100.pdb" /TP /FU"C:\Program Files (x86)\Reference Assemblies\Microsoft\Framework\.NETFramework\v4.0\System.Core.dll" /FU"C:\Program Files (x86)\Reference Assemblies\Microsoft\Framework\.NETFramework\v4.0\System.Data.dll" /FU"C:\Program Files (x86)\Reference Assemblies\Microsoft\Framework\.NETFramework\v4.0\System.dll" /FU"C:\Program Files (x86)\Reference Assemblies\Microsoft\Framework\.NETFramework\v4.0\System.Drawing.dll" /FU"C:\Program Files (x86)\Reference Assemblies\Microsoft\Framework\.NETFramework\v4.0\System.Windows.Forms.dll" /FU"C:\Program Files (x86)\Reference Assemblies\Microsoft\Framework\.NETFramework\v4.0\System.Xml.dll" /analyze- /errorReport:prompt Form1.cpp OSC_CPP.cpp /clr:nostdlib 
         Form1.cpp
         OSC_CPP.cpp
         正在產生程式碼...
         所有輸出都是最新的。
       CoreResGen:
         "C:\Program Files (x86)\Microsoft SDKs\Windows\v7.0A\bin\NETFX 4.0 Tools\resgen.exe" /useSourcePath /r:"C:\Program Files (x86)\Reference Assemblies\Microsoft\Framework\.NETFramework\v4.0\System.Core.dll" /r:"C:\Program Files (x86)\Reference Assemblies\Microsoft\Framework\.NETFramework\v4.0\System.Data.dll" /r:"C:\Program Files (x86)\Reference Assemblies\Microsoft\Framework\.NETFramework\v4.0\System.dll" /r:"C:\Program Files (x86)\Reference Assemblies\Microsoft\Framework\.NETFramework\v4.0\System.Drawing.dll" /r:"C:\Program Files (x86)\Reference Assemblies\Microsoft\Framework\.NETFramework\v4.0\System.Windows.Forms.dll" /r:"C:\Program Files (x86)\Reference Assemblies\Microsoft\Framework\.NETFramework\v4.0\System.Xml.dll" /compile Form1.resx,Debug\OSC_CPP.Form1.resources
         正在處理資源檔 "Form1.resx" 至 "Debug\OSC_CPP.Form1.resources"。
       ResourceCompile:
         所有輸出都是最新的。
       Link:
         c:\Program Files (x86)\Microsoft Visual Studio 10.0\VC\bin\link.exe /ERRORREPORT:PROMPT /OUT:"C:\Users\mosdeo\Documents\Visual Studio 2010\Projects\MCU Hardware control\Debug\OSC_CPP.exe" /INCREMENTAL /NOLOGO /ASSEMBLYRESOURCE:Debug\OSC_CPP.Form1.resources /MANIFEST /ManifestFile:"Debug\OSC_CPP.exe.intermediate.manifest" /MANIFESTUAC:"level='asInvoker' uiAccess='false'" /DEBUG /PDB:"C:\Users\mosdeo\Documents\Visual Studio 2010\Projects\MCU Hardware control\Debug\OSC_CPP.pdb" /ASSEMBLYDEBUG /SUBSYSTEM:WINDOWS /TLBID:1 /ENTRY:"main" /DYNAMICBASE /FIXED:NO /NXCOMPAT /MACHINE:X86 Debug\app.res
         Debug\AssemblyInfo.obj
         Debug\Form1.obj
         Debug\OSC_CPP.obj
         Debug\stdafx.obj
         "Debug\.NETFramework,Version=v4.0.AssemblyAttributes.obj"
         OSC_CPP.vcxproj -> C:\Users\mosdeo\Documents\Visual Studio 2010\Projects\MCU Hardware control\Debug\OSC_CPP.exe
       Manifest:
         C:\Program Files (x86)\Microsoft SDKs\Windows\v7.0A\bin\mt.exe /nologo /verbose /outputresource:"C:\Users\mosdeo\Documents\Visual Studio 2010\Projects\MCU Hardware control\Debug\OSC_CPP.exe;#1" /manifest Debug\OSC_CPP.exe.intermediate.manifest
       FinalizeBuildStatus:
         正在刪除檔案 "Debug\OSC_CPP.unsuccessfulbuild"。
         正在變更時間戳記 "Debug\OSC_CPP.lastbuildstate"。
     1>專案 "C:\Users\mosdeo\Documents\Visual Studio 2010\Projects\MCU Hardware control\OSC_CPP\OSC_CPP.vcxproj" (build 目標) 建置完成。

建置成功。

經過時間 00:00:07.05
