C:\USERS\MOSDEO\DOCUMENTS\VISUAL STUDIO 2010\PROJECTS\WINDOWSFORMSAPPLICATION1\DEBUG\OSC_CPP.EXE
C:\USERS\MOSDEO\DOCUMENTS\VISUAL STUDIO 2010\PROJECTS\WINDOWSFORMSAPPLICATION1\DEBUG\OSC_CPP.ILK
C:\USERS\MOSDEO\DOCUMENTS\VISUAL STUDIO 2010\PROJECTS\WINDOWSFORMSAPPLICATION1\DEBUG\OSC_CPP.PDB
C:\USERS\MOSDEO\DOCUMENTS\VISUAL STUDIO 2010\PROJECTS\WINDOWSFORMSAPPLICATION1\OSC_CPP\DEBUG\.NETFRAMEWORK,VERSION=V4.0.ASSEMBLYATTRIBUTES.OBJ
C:\USERS\MOSDEO\DOCUMENTS\VISUAL STUDIO 2010\PROJECTS\WINDOWSFORMSAPPLICATION1\OSC_CPP\DEBUG\APP.RES
C:\USERS\MOSDEO\DOCUMENTS\VISUAL STUDIO 2010\PROJECTS\WINDOWSFORMSAPPLICATION1\OSC_CPP\DEBUG\ASSEMBLYINFO.OBJ
C:\Users\mosdeo\Documents\Visual Studio 2010\Projects\WindowsFormsApplication1\OSC_CPP\Debug\cl.command.1.tlog
C:\Users\mosdeo\Documents\Visual Studio 2010\Projects\WindowsFormsApplication1\OSC_CPP\Debug\CL.read.1.tlog
C:\Users\mosdeo\Documents\Visual Studio 2010\Projects\WindowsFormsApplication1\OSC_CPP\Debug\CL.write.1.tlog
C:\USERS\MOSDEO\DOCUMENTS\VISUAL STUDIO 2010\PROJECTS\WINDOWSFORMSAPPLICATION1\OSC_CPP\DEBUG\FORM1.OBJ
C:\Users\mosdeo\Documents\Visual Studio 2010\Projects\WindowsFormsApplication1\OSC_CPP\Debug\link.1908.read.1.tlog
C:\Users\mosdeo\Documents\Visual Studio 2010\Projects\WindowsFormsApplication1\OSC_CPP\Debug\link.1908.write.1.tlog
C:\Users\mosdeo\Documents\Visual Studio 2010\Projects\WindowsFormsApplication1\OSC_CPP\Debug\link.1908-cvtres.read.1.tlog
C:\Users\mosdeo\Documents\Visual Studio 2010\Projects\WindowsFormsApplication1\OSC_CPP\Debug\link.1908-cvtres.write.1.tlog
C:\Users\mosdeo\Documents\Visual Studio 2010\Projects\WindowsFormsApplication1\OSC_CPP\Debug\link.1980.read.1.tlog
C:\Users\mosdeo\Documents\Visual Studio 2010\Projects\WindowsFormsApplication1\OSC_CPP\Debug\link.1980.write.1.tlog
C:\Users\mosdeo\Documents\Visual Studio 2010\Projects\WindowsFormsApplication1\OSC_CPP\Debug\link.1980-cvtres.read.1.tlog
C:\Users\mosdeo\Documents\Visual Studio 2010\Projects\WindowsFormsApplication1\OSC_CPP\Debug\link.1980-cvtres.write.1.tlog
C:\Users\mosdeo\Documents\Visual Studio 2010\Projects\WindowsFormsApplication1\OSC_CPP\Debug\link.5412.read.1.tlog
C:\Users\mosdeo\Documents\Visual Studio 2010\Projects\WindowsFormsApplication1\OSC_CPP\Debug\link.5412.write.1.tlog
C:\Users\mosdeo\Documents\Visual Studio 2010\Projects\WindowsFormsApplication1\OSC_CPP\Debug\link.5412-cvtres.read.1.tlog
C:\Users\mosdeo\Documents\Visual Studio 2010\Projects\WindowsFormsApplication1\OSC_CPP\Debug\link.5412-cvtres.write.1.tlog
C:\Users\mosdeo\Documents\Visual Studio 2010\Projects\WindowsFormsApplication1\OSC_CPP\Debug\link.5600.read.1.tlog
C:\Users\mosdeo\Documents\Visual Studio 2010\Projects\WindowsFormsApplication1\OSC_CPP\Debug\link.5600.write.1.tlog
C:\Users\mosdeo\Documents\Visual Studio 2010\Projects\WindowsFormsApplication1\OSC_CPP\Debug\link.5600-cvtres.read.1.tlog
C:\Users\mosdeo\Documents\Visual Studio 2010\Projects\WindowsFormsApplication1\OSC_CPP\Debug\link.5600-cvtres.write.1.tlog
C:\Users\mosdeo\Documents\Visual Studio 2010\Projects\WindowsFormsApplication1\OSC_CPP\Debug\link.5804.read.1.tlog
C:\Users\mosdeo\Documents\Visual Studio 2010\Projects\WindowsFormsApplication1\OSC_CPP\Debug\link.5804.write.1.tlog
C:\Users\mosdeo\Documents\Visual Studio 2010\Projects\WindowsFormsApplication1\OSC_CPP\Debug\link.5804-cvtres.read.1.tlog
C:\Users\mosdeo\Documents\Visual Studio 2010\Projects\WindowsFormsApplication1\OSC_CPP\Debug\link.5804-cvtres.write.1.tlog
C:\Users\mosdeo\Documents\Visual Studio 2010\Projects\WindowsFormsApplication1\OSC_CPP\Debug\link.6176.read.1.tlog
C:\Users\mosdeo\Documents\Visual Studio 2010\Projects\WindowsFormsApplication1\OSC_CPP\Debug\link.6176.write.1.tlog
C:\Users\mosdeo\Documents\Visual Studio 2010\Projects\WindowsFormsApplication1\OSC_CPP\Debug\link.6552.read.1.tlog
C:\Users\mosdeo\Documents\Visual Studio 2010\Projects\WindowsFormsApplication1\OSC_CPP\Debug\link.6552.write.1.tlog
C:\Users\mosdeo\Documents\Visual Studio 2010\Projects\WindowsFormsApplication1\OSC_CPP\Debug\link.6552-cvtres.read.1.tlog
C:\Users\mosdeo\Documents\Visual Studio 2010\Projects\WindowsFormsApplication1\OSC_CPP\Debug\link.6552-cvtres.write.1.tlog
C:\Users\mosdeo\Documents\Visual Studio 2010\Projects\WindowsFormsApplication1\OSC_CPP\Debug\link.6768.read.1.tlog
C:\Users\mosdeo\Documents\Visual Studio 2010\Projects\WindowsFormsApplication1\OSC_CPP\Debug\link.6768.write.1.tlog
C:\Users\mosdeo\Documents\Visual Studio 2010\Projects\WindowsFormsApplication1\OSC_CPP\Debug\link.6768-cvtres.read.1.tlog
C:\Users\mosdeo\Documents\Visual Studio 2010\Projects\WindowsFormsApplication1\OSC_CPP\Debug\link.6768-cvtres.write.1.tlog
C:\Users\mosdeo\Documents\Visual Studio 2010\Projects\WindowsFormsApplication1\OSC_CPP\Debug\link.6928.read.1.tlog
C:\Users\mosdeo\Documents\Visual Studio 2010\Projects\WindowsFormsApplication1\OSC_CPP\Debug\link.6928.write.1.tlog
C:\Users\mosdeo\Documents\Visual Studio 2010\Projects\WindowsFormsApplication1\OSC_CPP\Debug\link.6928-cvtres.read.1.tlog
C:\Users\mosdeo\Documents\Visual Studio 2010\Projects\WindowsFormsApplication1\OSC_CPP\Debug\link.6928-cvtres.write.1.tlog
C:\Users\mosdeo\Documents\Visual Studio 2010\Projects\WindowsFormsApplication1\OSC_CPP\Debug\link.7140.read.1.tlog
C:\Users\mosdeo\Documents\Visual Studio 2010\Projects\WindowsFormsApplication1\OSC_CPP\Debug\link.7140.write.1.tlog
C:\Users\mosdeo\Documents\Visual Studio 2010\Projects\WindowsFormsApplication1\OSC_CPP\Debug\link.7172.read.1.tlog
C:\Users\mosdeo\Documents\Visual Studio 2010\Projects\WindowsFormsApplication1\OSC_CPP\Debug\link.7172.write.1.tlog
C:\Users\mosdeo\Documents\Visual Studio 2010\Projects\WindowsFormsApplication1\OSC_CPP\Debug\link.7172-cvtres.read.1.tlog
C:\Users\mosdeo\Documents\Visual Studio 2010\Projects\WindowsFormsApplication1\OSC_CPP\Debug\link.7172-cvtres.write.1.tlog
C:\Users\mosdeo\Documents\Visual Studio 2010\Projects\WindowsFormsApplication1\OSC_CPP\Debug\link.7920.read.1.tlog
C:\Users\mosdeo\Documents\Visual Studio 2010\Projects\WindowsFormsApplication1\OSC_CPP\Debug\link.7920.write.1.tlog
C:\Users\mosdeo\Documents\Visual Studio 2010\Projects\WindowsFormsApplication1\OSC_CPP\Debug\link.7920-cvtres.read.1.tlog
C:\Users\mosdeo\Documents\Visual Studio 2010\Projects\WindowsFormsApplication1\OSC_CPP\Debug\link.7920-cvtres.write.1.tlog
C:\Users\mosdeo\Documents\Visual Studio 2010\Projects\WindowsFormsApplication1\OSC_CPP\Debug\link.command.1.tlog
C:\Users\mosdeo\Documents\Visual Studio 2010\Projects\WindowsFormsApplication1\OSC_CPP\Debug\link.read.1.tlog
C:\Users\mosdeo\Documents\Visual Studio 2010\Projects\WindowsFormsApplication1\OSC_CPP\Debug\link.write.1.tlog
C:\Users\mosdeo\Documents\Visual Studio 2010\Projects\WindowsFormsApplication1\OSC_CPP\Debug\metagen.read.1.tlog
C:\Users\mosdeo\Documents\Visual Studio 2010\Projects\WindowsFormsApplication1\OSC_CPP\Debug\metagen.write.1.tlog
C:\Users\mosdeo\Documents\Visual Studio 2010\Projects\WindowsFormsApplication1\OSC_CPP\Debug\mt.command.1.tlog
C:\Users\mosdeo\Documents\Visual Studio 2010\Projects\WindowsFormsApplication1\OSC_CPP\Debug\mt.read.1.tlog
C:\Users\mosdeo\Documents\Visual Studio 2010\Projects\WindowsFormsApplication1\OSC_CPP\Debug\mt.write.1.tlog
C:\USERS\MOSDEO\DOCUMENTS\VISUAL STUDIO 2010\PROJECTS\WINDOWSFORMSAPPLICATION1\OSC_CPP\DEBUG\OSC_CPP.EXE.INTERMEDIATE.MANIFEST
C:\Users\mosdeo\Documents\Visual Studio 2010\Projects\WindowsFormsApplication1\OSC_CPP\Debug\OSC_CPP.Form1.resources
C:\Users\mosdeo\Documents\Visual Studio 2010\Projects\WindowsFormsApplication1\OSC_CPP\Debug\OSC_CPP.From1.resources
C:\USERS\MOSDEO\DOCUMENTS\VISUAL STUDIO 2010\PROJECTS\WINDOWSFORMSAPPLICATION1\OSC_CPP\DEBUG\OSC_CPP.OBJ
C:\USERS\MOSDEO\DOCUMENTS\VISUAL STUDIO 2010\PROJECTS\WINDOWSFORMSAPPLICATION1\OSC_CPP\DEBUG\OSC_CPP.PCH
C:\Users\mosdeo\Documents\Visual Studio 2010\Projects\WindowsFormsApplication1\OSC_CPP\Debug\OSC_CPP.vcxproj.GenerateResource.Cache
C:\Users\mosdeo\Documents\Visual Studio 2010\Projects\WindowsFormsApplication1\OSC_CPP\Debug\OSC_CPP.vcxprojResolveAssemblyReference.cache
C:\Users\mosdeo\Documents\Visual Studio 2010\Projects\WindowsFormsApplication1\OSC_CPP\Debug\OSC_CPP.write.1.tlog
C:\Users\mosdeo\Documents\Visual Studio 2010\Projects\WindowsFormsApplication1\OSC_CPP\Debug\rc.command.1.tlog
C:\Users\mosdeo\Documents\Visual Studio 2010\Projects\WindowsFormsApplication1\OSC_CPP\Debug\rc.read.1.tlog
C:\Users\mosdeo\Documents\Visual Studio 2010\Projects\WindowsFormsApplication1\OSC_CPP\Debug\rc.write.1.tlog
C:\Users\mosdeo\Documents\Visual Studio 2010\Projects\WindowsFormsApplication1\OSC_CPP\Debug\RSAENH.DLL.bi
C:\USERS\MOSDEO\DOCUMENTS\VISUAL STUDIO 2010\PROJECTS\WINDOWSFORMSAPPLICATION1\OSC_CPP\DEBUG\STDAFX.OBJ
C:\Users\mosdeo\Documents\Visual Studio 2010\Projects\WindowsFormsApplication1\OSC_CPP\Debug\TZRES.DLL.bi
C:\USERS\MOSDEO\DOCUMENTS\VISUAL STUDIO 2010\PROJECTS\WINDOWSFORMSAPPLICATION1\OSC_CPP\DEBUG\VC100.PDB
