C:\USERS\MOSDEO\DOCUMENTS\VISUAL STUDIO 2010\PROJECTS\WINDOWSFORMSAPPLICATION1\OSC_CPP\RELEASE\.NETFRAMEWORK,VERSION=V4.0.ASSEMBLYATTRIBUTES.OBJ
C:\USERS\MOSDEO\DOCUMENTS\VISUAL STUDIO 2010\PROJECTS\WINDOWSFORMSAPPLICATION1\OSC_CPP\RELEASE\APP.RES
C:\USERS\MOSDEO\DOCUMENTS\VISUAL STUDIO 2010\PROJECTS\WINDOWSFORMSAPPLICATION1\OSC_CPP\RELEASE\ASSEMBLYINFO.OBJ
C:\Users\mosdeo\Documents\Visual Studio 2010\Projects\WindowsFormsApplication1\OSC_CPP\Release\cl.command.1.tlog
C:\Users\mosdeo\Documents\Visual Studio 2010\Projects\WindowsFormsApplication1\OSC_CPP\Release\CL.read.1.tlog
C:\Users\mosdeo\Documents\Visual Studio 2010\Projects\WindowsFormsApplication1\OSC_CPP\Release\CL.write.1.tlog
C:\USERS\MOSDEO\DOCUMENTS\VISUAL STUDIO 2010\PROJECTS\WINDOWSFORMSAPPLICATION1\OSC_CPP\RELEASE\FORM1.OBJ
C:\Users\mosdeo\Documents\Visual Studio 2010\Projects\WindowsFormsApplication1\OSC_CPP\Release\link.command.1.tlog
C:\Users\mosdeo\Documents\Visual Studio 2010\Projects\WindowsFormsApplication1\OSC_CPP\Release\link.read.1.tlog
C:\Users\mosdeo\Documents\Visual Studio 2010\Projects\WindowsFormsApplication1\OSC_CPP\Release\link.write.1.tlog
C:\Users\mosdeo\Documents\Visual Studio 2010\Projects\WindowsFormsApplication1\OSC_CPP\Release\link-cvtres.read.1.tlog
C:\Users\mosdeo\Documents\Visual Studio 2010\Projects\WindowsFormsApplication1\OSC_CPP\Release\link-cvtres.write.1.tlog
C:\Users\mosdeo\Documents\Visual Studio 2010\Projects\WindowsFormsApplication1\OSC_CPP\Release\metagen.read.1.tlog
C:\Users\mosdeo\Documents\Visual Studio 2010\Projects\WindowsFormsApplication1\OSC_CPP\Release\metagen.write.1.tlog
C:\Users\mosdeo\Documents\Visual Studio 2010\Projects\WindowsFormsApplication1\OSC_CPP\Release\mt.command.1.tlog
C:\Users\mosdeo\Documents\Visual Studio 2010\Projects\WindowsFormsApplication1\OSC_CPP\Release\mt.read.1.tlog
C:\Users\mosdeo\Documents\Visual Studio 2010\Projects\WindowsFormsApplication1\OSC_CPP\Release\mt.write.1.tlog
C:\USERS\MOSDEO\DOCUMENTS\VISUAL STUDIO 2010\PROJECTS\WINDOWSFORMSAPPLICATION1\OSC_CPP\RELEASE\OSC_CPP.EXE.INTERMEDIATE.MANIFEST
C:\Users\mosdeo\Documents\Visual Studio 2010\Projects\WindowsFormsApplication1\OSC_CPP\Release\OSC_CPP.Form1.resources
C:\USERS\MOSDEO\DOCUMENTS\VISUAL STUDIO 2010\PROJECTS\WINDOWSFORMSAPPLICATION1\OSC_CPP\RELEASE\OSC_CPP.OBJ
C:\USERS\MOSDEO\DOCUMENTS\VISUAL STUDIO 2010\PROJECTS\WINDOWSFORMSAPPLICATION1\OSC_CPP\RELEASE\OSC_CPP.PCH
C:\Users\mosdeo\Documents\Visual Studio 2010\Projects\WindowsFormsApplication1\OSC_CPP\Release\OSC_CPP.vcxproj.GenerateResource.Cache
C:\Users\mosdeo\Documents\Visual Studio 2010\Projects\WindowsFormsApplication1\OSC_CPP\Release\OSC_CPP.write.1.tlog
C:\Users\mosdeo\Documents\Visual Studio 2010\Projects\WindowsFormsApplication1\OSC_CPP\Release\rc.command.1.tlog
C:\Users\mosdeo\Documents\Visual Studio 2010\Projects\WindowsFormsApplication1\OSC_CPP\Release\rc.read.1.tlog
C:\Users\mosdeo\Documents\Visual Studio 2010\Projects\WindowsFormsApplication1\OSC_CPP\Release\rc.write.1.tlog
C:\Users\mosdeo\Documents\Visual Studio 2010\Projects\WindowsFormsApplication1\OSC_CPP\Release\RSAENH.DLL.bi
C:\USERS\MOSDEO\DOCUMENTS\VISUAL STUDIO 2010\PROJECTS\WINDOWSFORMSAPPLICATION1\OSC_CPP\RELEASE\STDAFX.OBJ
C:\Users\mosdeo\Documents\Visual Studio 2010\Projects\WindowsFormsApplication1\OSC_CPP\Release\TZRES.DLL.bi
C:\USERS\MOSDEO\DOCUMENTS\VISUAL STUDIO 2010\PROJECTS\WINDOWSFORMSAPPLICATION1\OSC_CPP\RELEASE\VC100.PDB
C:\USERS\MOSDEO\DOCUMENTS\VISUAL STUDIO 2010\PROJECTS\WINDOWSFORMSAPPLICATION1\RELEASE\OSC_CPP.EXE
C:\USERS\MOSDEO\DOCUMENTS\VISUAL STUDIO 2010\PROJECTS\WINDOWSFORMSAPPLICATION1\RELEASE\OSC_CPP.PDB
